
Showing logs for build [32mcb-kubecd-environment-pr-174-46-v4c4b-1[0m stage [32mfrom-build-pack[0m and container [32mstep-credential-initializer-kh5z6[0m
{"level":"warn","ts":1583456772.6405807,"logger":"fallback-logger","caller":"logging/config.go:69","msg":"Fetch GitHub commit ID from kodata failed: \"ref: refs/heads/0.8.0-**-support-backwards-incompats\" is not a valid GitHub commit ID"}
{"level":"info","ts":1583456772.6447582,"logger":"fallback-logger","caller":"creds-init/main.go:40","msg":"Credentials initialized."}

Showing logs for build [32mcb-kubecd-environment-pr-174-46-v4c4b-1[0m stage [32mfrom-build-pack[0m and container [32mstep-working-dir-initializer-ttf9h[0m
{"level":"warn","ts":1583456773.488665,"logger":"fallback-logger","caller":"logging/config.go:69","msg":"Fetch GitHub commit ID from kodata failed: open /var/run/ko/HEAD: no such file or directory"}
{"level":"info","ts":1583456773.490085,"logger":"fallback-logger","caller":"bash/main.go:64","msg":"Successfully executed command \"sh -c mkdir -p /workspace/source\"; output "}

Showing logs for build [32mcb-kubecd-environment-pr-174-46-v4c4b-1[0m stage [32mfrom-build-pack[0m and container [32mstep-place-tools[0m

Showing logs for build [32mcb-kubecd-environment-pr-174-46-v4c4b-1[0m stage [32mfrom-build-pack[0m and container [32mstep-git-source-cb-kubecd-environment-pr-174-46-v4c4b-s5g5k[0m
{"level":"warn","ts":1583456779.7681499,"logger":"fallback-logger","caller":"logging/config.go:69","msg":"Fetch GitHub commit ID from kodata failed: \"ref: refs/heads/0.8.0-**-support-backwards-incompats\" is not a valid GitHub commit ID"}
{"level":"info","ts":1583456780.9590096,"logger":"fallback-logger","caller":"git/git.go:103","msg":"Successfully cloned https://github.com/cb-kubecd/environment-pr-174-46-boot-vault-gke-staging.git @ master in path /workspace/source"}

Showing logs for build [32mcb-kubecd-environment-pr-174-46-v4c4b-1[0m stage [32mfrom-build-pack[0m and container [32mstep-git-merge[0m
Using SHAs from PULL_REFS=master:16fc1d9977b33c400c32f159495d94d517997b60,2:754263454d2670f5be7fcf9819e76204d0fe366b
DEBUG: LC_ALL=C JX_LOG_LEVEL=error git fetch origin --unshallow 754263454d2670f5be7fcf9819e76204d0fe366b: 16fc1d9977b33c400c32f159495d94d517997b60:
DEBUG: ran git fetch --unshallow origin 754263454d2670f5be7fcf9819e76204d0fe366b: 16fc1d9977b33c400c32f159495d94d517997b60: in 
DEBUG: JX_LOG_LEVEL=error LC_ALL=C git branch
DEBUG: LC_ALL=C JX_LOG_LEVEL=error git checkout master
DEBUG: ran git checkout master in 
DEBUG: LC_ALL=C JX_LOG_LEVEL=error git reset --hard 16fc1d9977b33c400c32f159495d94d517997b60
DEBUG: ran git reset --hard 16fc1d9977b33c400c32f159495d94d517997b60 in 
DEBUG: LC_ALL=C JX_LOG_LEVEL=error git clean -fd .
DEBUG: ran clean --force -d . in 
DEBUG: LC_ALL=C JX_LOG_LEVEL=error git merge 754263454d2670f5be7fcf9819e76204d0fe366b
DEBUG: ran git merge 754263454d2670f5be7fcf9819e76204d0fe366b in 
DEBUG: LC_ALL=C JX_LOG_LEVEL=error git log --format=%H%x1f%an%x1f%ae%x1f%cn%x1f%ce%x1f%s%n%b%x1e 16fc1d9977b33c400c32f159495d94d517997b60..HEAD
Merged SHA 754263454d2670f5be7fcf9819e76204d0fe366b with commit message 'chore: Promote bdd-sbhg-1583456327 to version 0.0.1' into base branch master

Showing logs for build [32mcb-kubecd-environment-pr-174-46-v4c4b-1[0m stage [32mfrom-build-pack[0m and container [32mstep-build-helm-build[0m
WARNING: No $CHART_REPOSITORY defined so using the default value of: http://jenkins-x-chartmuseum:8080
Adding missing Helm repo: storage.googleapis.com https://storage.googleapis.com/chartmuseum.jenkins-x.io
WARNING: No secrets found on "helm/repos" due: reading the secret "helm/repos" from vault: no secret "helm/repos" not found in vault
Read credentials for https://storage.googleapis.com/chartmuseum.jenkins-x.io from vault helm/repos
Successfully added Helm repository storage.googleapis.com.
Adding missing Helm repo: jenkins-x-chartmuseum http://jenkins-x-chartmuseum:8080
WARNING: No secrets found on "helm/repos" due: reading the secret "helm/repos" from vault: no secret "helm/repos" not found in vault
Read credentials for http://jenkins-x-chartmuseum:8080 from vault helm/repos
Successfully added Helm repository jenkins-x-chartmuseum.
WARNING: No $CHART_REPOSITORY defined so using the default value of: http://jenkins-x-chartmuseum:8080
Adding missing Helm repo: chartmuseum.jenkins-x.io http://chartmuseum.jenkins-x.io
WARNING: No secrets found on "helm/repos" due: reading the secret "helm/repos" from vault: no secret "helm/repos" not found in vault
Read credentials for http://chartmuseum.jenkins-x.io from vault helm/repos
Successfully added Helm repository chartmuseum.jenkins-x.io.
